<?xml version="1.0" encoding="UTF-8"?>
<testng-results skipped="0" failed="1" total="1" passed="0">
  <reporter-output>
  </reporter-output>
  <suite name="DAS_Android" duration-ms="506864" started-at="2017-09-01T06:31:59Z" finished-at="2017-09-01T06:40:26Z">
    <groups>
      <group name="Executor">
        <method signature="TestCasesExecutor.test()[pri:0, instance:[Test: &quot;motionDetection_retainZoneSelected&quot; verbose:1[parameters:][metagroups:] [included: ][excluded: ]  classes: packages:] ]" name="test" class="com.honeywell.testcases.executor.TestCasesExecutor"/>
      </group> <!-- Executor -->
    </groups>
    <test name="DAS_Android" duration-ms="506864" started-at="2017-09-01T06:31:59Z" finished-at="2017-09-01T06:40:26Z">
      <class name="com.honeywell.testcases.executor.TestCasesExecutor">
        <test-method status="PASS" signature="setUP()[pri:0, instance:[Test: &quot;motionDetection_retainZoneSelected&quot; verbose:1[parameters:][metagroups:] [included: ][excluded: ]  classes: packages:] ]" name="setUP" is-config="true" duration-ms="99" started-at="2017-09-01T12:01:59Z" finished-at="2017-09-01T12:01:59Z">
          <reporter-output>
          </reporter-output>
        </test-method> <!-- setUP -->
        <test-method status="FAIL" signature="test()[pri:0, instance:[Test: &quot;motionDetection_retainZoneSelected&quot; verbose:1[parameters:][metagroups:] [included: ][excluded: ]  classes: packages:] ]" name="test" duration-ms="506724" started-at="2017-09-01T12:01:59Z" finished-at="2017-09-01T12:10:26Z">
          <exception class="java.lang.AssertionError">
            <message>
              <![CDATA[null]]>
            </message>
            <full-stacktrace>
              <![CDATA[java.lang.AssertionError: null
	at org.testng.Assert.fail(Assert.java:94)
	at org.testng.Assert.fail(Assert.java:101)
	at com.honeywell.testcases.executor.TestCasesExecutor.test(TestCasesExecutor.java:226)
	at sun.reflect.NativeMethodAccessorImpl.invoke0(Native Method)
	at sun.reflect.NativeMethodAccessorImpl.invoke(NativeMethodAccessorImpl.java:62)
	at sun.reflect.DelegatingMethodAccessorImpl.invoke(DelegatingMethodAccessorImpl.java:43)
	at java.lang.reflect.Method.invoke(Method.java:498)
	at org.testng.internal.MethodInvocationHelper.invokeMethod(MethodInvocationHelper.java:86)
	at org.testng.internal.InvokeMethodRunnable.runOne(InvokeMethodRunnable.java:54)
	at org.testng.internal.InvokeMethodRunnable.run(InvokeMethodRunnable.java:44)
	at java.util.concurrent.Executors$RunnableAdapter.call(Executors.java:511)
	at java.util.concurrent.FutureTask.run(FutureTask.java:266)
	at java.util.concurrent.ThreadPoolExecutor.runWorker(ThreadPoolExecutor.java:1142)
	at java.util.concurrent.ThreadPoolExecutor$Worker.run(ThreadPoolExecutor.java:617)
	at java.lang.Thread.run(Thread.java:748)
]]>
            </full-stacktrace>
          </exception> <!-- java.lang.AssertionError -->
          <reporter-output>
          </reporter-output>
        </test-method> <!-- test -->
        <test-method status="PASS" signature="tearDown()[pri:0, instance:[Test: &quot;motionDetection_retainZoneSelected&quot; verbose:1[parameters:][metagroups:] [included: ][excluded: ]  classes: packages:] ]" name="tearDown" is-config="true" duration-ms="27" started-at="2017-09-01T12:10:26Z" finished-at="2017-09-01T12:10:26Z">
          <reporter-output>
          </reporter-output>
        </test-method> <!-- tearDown -->
      </class> <!-- com.honeywell.testcases.executor.TestCasesExecutor -->
    </test> <!-- DAS_Android -->
  </suite> <!-- DAS_Android -->
</testng-results>
