<?xml version="1.0" encoding="UTF-8"?>
<!-- Generated by org.testng.reporters.JUnitXMLReporter -->
<testsuite hostname="IE3BMLN0001DF" name="DAS_Android" tests="1" failures="1" timestamp="1 Sep 2017 06:40:26 GMT" time="506.864" errors="0">
  <testcase name="test on [Test: &quot;motionDetection_retainZoneSelected&quot; verbose:1[parameters:][metagroups:] [included: ][excluded: ]  classes: packages:] " time="506.724" classname="com.honeywell.testcases.executor.TestCasesExecutor">
    <failure type="java.lang.AssertionError" message="null">
      <![CDATA[java.lang.AssertionError: null
	at com.honeywell.testcases.executor.TestCasesExecutor.test(TestCasesExecutor.java:226)
	at java.util.concurrent.Executors$RunnableAdapter.call(Executors.java:511)
	at java.util.concurrent.FutureTask.run(FutureTask.java:266)
	at java.util.concurrent.ThreadPoolExecutor.runWorker(ThreadPoolExecutor.java:1142)
	at java.util.concurrent.ThreadPoolExecutor$Worker.run(ThreadPoolExecutor.java:617)
	at java.lang.Thread.run(Thread.java:748)
... Removed 9 stack frames]]>
    </failure>
  </testcase> <!-- test on [Test: "motionDetection_retainZoneSelected" verbose:1[parameters:][metagroups:] [included: ][excluded: ]  classes: packages:]  -->
</testsuite> <!-- DAS_Android -->
