<?xml version="1.0" encoding="ISO-8859-1"?><robot>
<suite id="TS_Lyric_001" name="DAS_Android">
<test name="As a user I want to verify that all Camera setting options">
<kw name="Given  : &quot;Home Mode&quot; as precondition" type="kw">
<msg html="yes" level="INFO" timestamp="20170824 15:15:05.390">&lt;b&gt;[PASS]&lt;/b&gt; Base station is set to home</msg>
<status critical="yes" endtime="20170824 15:15:05.394" starttime="20170824 15:14:58.306" status="PASS"/>
</kw>
<kw name="Given  : user logs in to Lyric app" type="kw">
<msg html="yes" level="INFO" timestamp="20170824 15:21:09.138">&lt;b&gt;[PASS]&lt;/b&gt; Click on Element : Successfully click on NAME:Done</msg>
<msg html="yes" level="INFO" timestamp="20170824 15:21:48.302">&lt;b&gt;[FAIL]&lt;/b&gt; Get Mobile Element : EmailAddress', Element identification got timed out.</msg>
<msg html="yes" level="INFO" timestamp="20170824 15:21:48.303">&lt;/td&gt;&lt;/tr&gt;&lt;tr&gt;&lt;td colspan="3"&gt;&lt;a href="../screenShots/vijaydeepakTESTCASENAME_2017_08_24_15_14_58/screenshot5716554661376493171.png"&gt;&lt;img src="../screenShots/vijaydeepakTESTCASENAME_2017_08_24_15_14_58/screenshot5716554661376493171.png" height="450px" width="270px"&gt;&lt;/a&gt;</msg>
<msg html="yes" level="INFO" timestamp="20170824 15:21:50.445">&lt;b&gt;[FAIL]&lt;/b&gt;  Set Value to Element : EmailAddress Unable to Set Value on element - Element not found.</msg>
<msg html="yes" level="INFO" timestamp="20170824 15:21:50.445">&lt;/td&gt;&lt;/tr&gt;&lt;tr&gt;&lt;td colspan="3"&gt;&lt;a href="../screenShots/vijaydeepakTESTCASENAME_2017_08_24_15_14_58/screenshot5736914134182585537.png"&gt;&lt;img src="../screenShots/vijaydeepakTESTCASENAME_2017_08_24_15_14_58/screenshot5736914134182585537.png" height="450px" width="270px"&gt;&lt;/a&gt;</msg>
<msg html="yes" level="INFO" timestamp="20170824 15:21:52.652">&lt;b&gt;[FAIL]&lt;/b&gt; Login To Lyric : Not able to set Email Address.</msg>
<msg html="yes" level="INFO" timestamp="20170824 15:21:52.653">&lt;/td&gt;&lt;/tr&gt;&lt;tr&gt;&lt;td colspan="3"&gt;&lt;a href="../screenShots/vijaydeepakTESTCASENAME_2017_08_24_15_14_58/screenshot6331602106288472879.png"&gt;&lt;img src="../screenShots/vijaydeepakTESTCASENAME_2017_08_24_15_14_58/screenshot6331602106288472879.png" height="450px" width="270px"&gt;&lt;/a&gt;</msg>
<msg html="yes" level="INFO" timestamp="20170824 15:21:55.460">&lt;b&gt;[FAIL]&lt;/b&gt; Get Mobile Element : Password', Unexpected Error occured - cannot forward the request localhost:4723 failed to respond
</msg>
<msg html="yes" level="INFO" timestamp="20170824 15:21:55.461">&lt;/td&gt;&lt;/tr&gt;&lt;tr&gt;&lt;td colspan="3"&gt;&lt;a href="../screenShots/vijaydeepakTESTCASENAME_2017_08_24_15_14_58/#Error : org.openqa.selenium.WebDriverException: Session [025d5b06-a869-413c-9108-70554a5c3bb3] was terminated due to FORWARDING_TO_NODE_FAILED
Build info: version: '2.53.0', revision: '35ae25b1534ae328c771e0856c93e187490ca824', time: '2016-03-15 10:43:46'
System info: host: 'vijaydesmacbook.global.ds.honeywell.com', ip: '10.77.10.226', os.name: 'Mac OS X', os.arch: 'x86_64', os.version: '10.12.5', java.version: '1.8.0_51'
Driver info: driver.version: unknown"&gt;&lt;img src="../screenShots/vijaydeepakTESTCASENAME_2017_08_24_15_14_58/#Error : org.openqa.selenium.WebDriverException: Session [025d5b06-a869-413c-9108-70554a5c3bb3] was terminated due to FORWARDING_TO_NODE_FAILED
Build info: version: '2.53.0', revision: '35ae25b1534ae328c771e0856c93e187490ca824', time: '2016-03-15 10:43:46'
System info: host: 'vijaydesmacbook.global.ds.honeywell.com', ip: '10.77.10.226', os.name: 'Mac OS X', os.arch: 'x86_64', os.version: '10.12.5', java.version: '1.8.0_51'
Driver info: driver.version: unknown" height="450px" width="270px"&gt;&lt;/a&gt;</msg>
<msg html="yes" level="INFO" timestamp="20170824 15:21:55.484">&lt;b&gt;[FAIL]&lt;/b&gt;  Set Value to Element : Password Unable to Set Value on element - Element not found.</msg>
<msg html="yes" level="INFO" timestamp="20170824 15:21:55.485">&lt;/td&gt;&lt;/tr&gt;&lt;tr&gt;&lt;td colspan="3"&gt;&lt;a href="../screenShots/vijaydeepakTESTCASENAME_2017_08_24_15_14_58/#Error : org.openqa.selenium.WebDriverException: Session [025d5b06-a869-413c-9108-70554a5c3bb3] was terminated due to FORWARDING_TO_NODE_FAILED
Build info: version: '2.53.0', revision: '35ae25b1534ae328c771e0856c93e187490ca824', time: '2016-03-15 10:43:46'
System info: host: 'vijaydesmacbook.global.ds.honeywell.com', ip: '10.77.10.226', os.name: 'Mac OS X', os.arch: 'x86_64', os.version: '10.12.5', java.version: '1.8.0_51'
Driver info: driver.version: unknown"&gt;&lt;img src="../screenShots/vijaydeepakTESTCASENAME_2017_08_24_15_14_58/#Error : org.openqa.selenium.WebDriverException: Session [025d5b06-a869-413c-9108-70554a5c3bb3] was terminated due to FORWARDING_TO_NODE_FAILED
Build info: version: '2.53.0', revision: '35ae25b1534ae328c771e0856c93e187490ca824', time: '2016-03-15 10:43:46'
System info: host: 'vijaydesmacbook.global.ds.honeywell.com', ip: '10.77.10.226', os.name: 'Mac OS X', os.arch: 'x86_64', os.version: '10.12.5', java.version: '1.8.0_51'
Driver info: driver.version: unknown" height="450px" width="270px"&gt;&lt;/a&gt;</msg>
<msg html="yes" level="INFO" timestamp="20170824 15:21:55.486">&lt;b&gt;[FAIL]&lt;/b&gt; Login To Lyric : Not able to set Password.</msg>
<msg html="yes" level="INFO" timestamp="20170824 15:21:55.512">&lt;b&gt;[FAIL]&lt;/b&gt; Get Mobile Element : NAME:Login_Button', Unexpected Error occured - Session [025d5b06-a869-413c-9108-70554a5c3bb3] was terminated due to FORWARDING_TO_NODE_FAILED
</msg>
<msg html="yes" level="INFO" timestamp="20170824 15:21:55.513">&lt;b&gt;[FAIL]&lt;/b&gt; Click on Element : Element not found NAME:Login_Button</msg>
<msg html="yes" level="INFO" timestamp="20170824 15:21:55.540">&lt;b&gt;[FAIL]&lt;/b&gt; Is Mobile Element Available : WebDriver Exception Occured - Session [025d5b06-a869-413c-9108-70554a5c3bb3] was terminated due to FORWARDING_TO_NODE_FAILED
</msg>
<msg html="yes" level="INFO" timestamp="20170824 15:21:55.541">&lt;b&gt;[FAIL]&lt;/b&gt; Login To Lyric : Unable to navigate to homepage. Could not find notification icon on homepage</msg>
<status critical="yes" endtime="20170824 15:21:55.542" starttime="20170824 15:15:05.489" status="FAIL"/>
</kw>
<kw name="Then  : verify the display of following:" type="kw">
<msg html="yes" level="INFO" timestamp="20170824 15:21:55.570">&lt;b&gt;[FAIL]&lt;/b&gt; Scenario steps failed already, hence skipping the verification</msg>
<status critical="yes" endtime="20170824 15:21:55.571" starttime="20170824 15:21:55.569" status="FAIL"/>
</kw>
<kw name="Then  : verify &quot;CAMERA MICROPHONE&quot; is enabled" type="kw">
<msg html="yes" level="INFO" timestamp="20170824 15:21:55.594">&lt;b&gt;[FAIL]&lt;/b&gt; Scenario steps failed already, hence skipping the verification</msg>
<status critical="yes" endtime="20170824 15:21:55.594" starttime="20170824 15:21:55.593" status="FAIL"/>
</kw>
<kw name="Then  : verify &quot;CAMERA MICROPHONE&quot; is disabled" type="kw">
<msg html="yes" level="INFO" timestamp="20170824 15:21:55.630">&lt;b&gt;[FAIL]&lt;/b&gt; Scenario steps failed already, hence skipping the verification</msg>
<status critical="yes" endtime="20170824 15:21:55.631" starttime="20170824 15:21:55.629" status="FAIL"/>
</kw>
<doc>Is Mobile Element Available : WebDriver Exception Occured - Session [025d5b06-a869-413c-9108-70554a5c3bb3] was terminated due to FORWARDING_TO_NODE_FAILED
</doc>
<tags>
<tag>:: Not Executed ::</tag>
</tags>
<status critical="yes" endtime="20170824 15:21:55.653" starttime="20170824 15:14:58.294" status="FAIL"/>
<kw name="Parameter Information" type="for">
<status critical="yes" endtime="20170824 15:21:55.655" starttime="20170824 15:14:58.294" status="PASS"/>
<msg html="yes" level="INFO">&lt;/td&gt;&lt;/tr&gt;&lt;tr&gt;&lt;th colspan='3'&gt;Following are the Parameters Passed to the Test Case&lt;/th&gt;&lt;td&gt;&lt;/td&gt;&lt;/tr&gt;&lt;tr&gt;&lt;th colspan='2'&gt;Framework version : &lt;/th&gt;&lt;td colspan='2'&gt;uicoreframeworkwithbdd_dev - 4.8.1.7&lt;/td&gt;&lt;/tr&gt;&lt;tr&gt;&lt;th colspan='2'&gt;Acquition Type : &lt;/th&gt;&lt;td colspan='2'&gt;Specific&lt;/td&gt;&lt;/tr&gt;</msg>
</kw>
</test>
<status critical="yes" endtime="20170824 15:21:56.140" starttime="20170824 15:21:55.965" status="FAIL"/>
</suite>
</robot>
