<?xml version="1.0" encoding="ISO-8859-1"?><test name="motionDetection_chooseZones">
<kw name="Given  : user logs in to Lyric app" type="kw">
<msg html="yes" level="INFO" timestamp="20170829 18:18:21.018">&lt;b&gt;[PASS]&lt;/b&gt; Click on Element : Successfully click on ID:com.android.packageinstaller:id/permission_allow_button</msg>
<msg html="yes" level="INFO" timestamp="20170829 18:18:29.751">&lt;b&gt;[PASS]&lt;/b&gt; Click on Element : Successfully click on WebServerURL</msg>
<msg html="yes" level="INFO" timestamp="20170829 18:18:31.521">&lt;b&gt;[PASS]&lt;/b&gt; Click on Element : Successfully click on XPATH://*[@text='Chil Das(Test)']</msg>
<msg html="yes" level="INFO" timestamp="20170829 18:18:31.522">&lt;b&gt;[PASS]&lt;/b&gt; [Set App Environment ] :  App environment set to Chil Das(Test)</msg>
<msg html="yes" level="INFO" timestamp="20170829 18:18:32.293">&lt;b&gt;[PASS]&lt;/b&gt;  navigate back successfully</msg>
<msg html="yes" level="INFO" timestamp="20170829 18:18:32.293">&lt;b&gt;[PASS]&lt;/b&gt; [Set App Environment ] : Navigating back to Login screen</msg>
<msg html="yes" level="INFO" timestamp="20170829 18:18:33.231">&lt;b&gt;[PASS]&lt;/b&gt; Click on Element : Successfully click on LoginButton</msg>
<msg html="yes" level="INFO" timestamp="20170829 18:18:40.667">&lt;b&gt;[PASS]&lt;/b&gt; Login To Lyric : Email Address set to - dastest1@grr.la</msg>
<msg html="yes" level="INFO" timestamp="20170829 18:18:47.287">&lt;b&gt;[PASS]&lt;/b&gt; Login To Lyric : Password set to - Password1</msg>
<msg html="yes" level="INFO" timestamp="20170829 18:18:48.003">&lt;b&gt;[PASS]&lt;/b&gt; Click on Element : Successfully click on LoginButton</msg>
<msg html="yes" level="INFO" timestamp="20170829 18:18:54.019">&lt;b&gt;[PASS]&lt;/b&gt; Login to Lyric : Successfully navigated to HomeScreen</msg>
<status critical="yes" endtime="20170829 18:18:54.019" starttime="20170829 18:18:00.016" status="PASS"/>
</kw>
<kw name="When  : user clicks on &quot;HAMBURGER MENU&quot; button" type="kw">
<msg html="yes" level="INFO" timestamp="20170829 18:19:01.882">&lt;b&gt;[PASS]&lt;/b&gt; Click on Element : Successfully click on GlobalDrawerButton</msg>
<status critical="yes" endtime="20170829 18:19:01.882" starttime="20170829 18:18:54.059" status="PASS"/>
</kw>
<kw name="And  : user clicks on &quot;DAS DEVICE&quot; menu" type="kw">
<msg html="yes" level="INFO" timestamp="20170829 18:19:08.639">&lt;b&gt;[PASS]&lt;/b&gt; Click on Element : Successfully click on xpath://*[@text='My Apollo']</msg>
<status critical="yes" endtime="20170829 18:19:08.639" starttime="20170829 18:19:01.890" status="PASS"/>
</kw>
<kw name="And  : user clicks on &quot;BASE STATION SETTINGS&quot; menu" type="kw">
<msg html="yes" level="INFO" timestamp="20170829 18:19:09.521">&lt;b&gt;[PASS]&lt;/b&gt; swipe up to focus on Base station menu was successfull</msg>
<msg html="yes" level="INFO" timestamp="20170829 18:19:14.275">&lt;b&gt;[FAIL]&lt;/b&gt; Get Mobile Element : BaseStation_Option', Unexpected Error occured - cannot forward the request Connect to 127.0.0.1:4723 [/127.0.0.1] failed: Connection refused (Connection refused)
</msg>
<msg html="yes" level="INFO" timestamp="20170829 18:19:14.275">&lt;/td&gt;&lt;/tr&gt;&lt;tr&gt;&lt;td colspan="3"&gt;&lt;a href="../screenShots/h242928TESTCASENAME_2017_08_29_18_18_00/#Error : org.openqa.selenium.WebDriverException: Session [98ab2ca7-baf0-44c9-89be-a6ac018acc48] was terminated due to FORWARDING_TO_NODE_FAILED
Build info: version: '2.53.0', revision: '35ae25b1534ae328c771e0856c93e187490ca824', time: '2016-03-15 10:43:46'
System info: host: 'IE3BMLN0001DF', ip: '10.77.14.230', os.name: 'Mac OS X', os.arch: 'x86_64', os.version: '10.12.3', java.version: '1.8.0_131'
Driver info: driver.version: unknown"&gt;&lt;img src="../screenShots/h242928TESTCASENAME_2017_08_29_18_18_00/#Error : org.openqa.selenium.WebDriverException: Session [98ab2ca7-baf0-44c9-89be-a6ac018acc48] was terminated due to FORWARDING_TO_NODE_FAILED
Build info: version: '2.53.0', revision: '35ae25b1534ae328c771e0856c93e187490ca824', time: '2016-03-15 10:43:46'
System info: host: 'IE3BMLN0001DF', ip: '10.77.14.230', os.name: 'Mac OS X', os.arch: 'x86_64', os.version: '10.12.3', java.version: '1.8.0_131'
Driver info: driver.version: unknown" height="450px" width="270px"&gt;&lt;/a&gt;</msg>
<msg html="yes" level="INFO" timestamp="20170829 18:19:14.284">&lt;b&gt;[FAIL]&lt;/b&gt; Click on Element : Element not found BaseStation_Option</msg>
<msg html="yes" level="INFO" timestamp="20170829 18:19:14.285">&lt;/td&gt;&lt;/tr&gt;&lt;tr&gt;&lt;td colspan="3"&gt;&lt;a href="../screenShots/h242928TESTCASENAME_2017_08_29_18_18_00/#Error : org.openqa.selenium.WebDriverException: Session [98ab2ca7-baf0-44c9-89be-a6ac018acc48] was terminated due to FORWARDING_TO_NODE_FAILED
Build info: version: '2.53.0', revision: '35ae25b1534ae328c771e0856c93e187490ca824', time: '2016-03-15 10:43:46'
System info: host: 'IE3BMLN0001DF', ip: '10.77.14.230', os.name: 'Mac OS X', os.arch: 'x86_64', os.version: '10.12.3', java.version: '1.8.0_131'
Driver info: driver.version: unknown"&gt;&lt;img src="../screenShots/h242928TESTCASENAME_2017_08_29_18_18_00/#Error : org.openqa.selenium.WebDriverException: Session [98ab2ca7-baf0-44c9-89be-a6ac018acc48] was terminated due to FORWARDING_TO_NODE_FAILED
Build info: version: '2.53.0', revision: '35ae25b1534ae328c771e0856c93e187490ca824', time: '2016-03-15 10:43:46'
System info: host: 'IE3BMLN0001DF', ip: '10.77.14.230', os.name: 'Mac OS X', os.arch: 'x86_64', os.version: '10.12.3', java.version: '1.8.0_131'
Driver info: driver.version: unknown" height="450px" width="270px"&gt;&lt;/a&gt;</msg>
<status critical="yes" endtime="20170829 18:19:14.285" starttime="20170829 18:19:08.645" status="FAIL"/>
</kw>
<kw name="Then  : verify &quot;ZONE1&quot; is &quot;selected&quot;" type="kw">
<msg html="yes" level="INFO" timestamp="20170829 18:19:14.296">&lt;b&gt;[FAIL]&lt;/b&gt; Then  - 'verify "ZONE1" is "selected"' is not Implemented.&lt;p&gt;Please Implement Keyword with following KeywordStep : &lt;p&gt;@KeywordStep("^verify (.*) is (.*)$")&lt;/p&gt;&lt;/p&gt;</msg>
<status critical="yes" endtime="20170829 18:19:14.296" starttime="20170829 18:19:14.295" status="FAIL"/>
</kw>
<kw name="Then  : verify &quot;ZONE2&quot; is &quot;selected&quot;" type="kw">
<msg html="yes" level="INFO" timestamp="20170829 18:19:14.307">&lt;b&gt;[FAIL]&lt;/b&gt; Then  - 'verify "ZONE2" is "selected"' is not Implemented.&lt;p&gt;Please Implement Keyword with following KeywordStep : &lt;p&gt;@KeywordStep("^verify (.*) is (.*)$")&lt;/p&gt;&lt;/p&gt;</msg>
<status critical="yes" endtime="20170829 18:19:14.307" starttime="20170829 18:19:14.306" status="FAIL"/>
</kw>
<doc>Then  - 'verify "ZONE1" is "selected"' is not Implemented.&lt;p&gt;Please Implement Keyword with following KeywordStep : &lt;p&gt;@KeywordStep("^verify (.*) is (.*)$")&lt;/p&gt;&lt;/p&gt;</doc>
<tags>
<tag>:: Not Executed ::</tag>
</tags>
<status critical="yes" endtime="20170829 18:19:14.322" starttime="20170829 18:17:59.999" status="FAIL"/>
<kw name="Parameter Information" type="for">
<status critical="yes" endtime="20170829 18:19:14.323" starttime="20170829 18:17:59.999" status="PASS"/>
<msg html="yes" level="INFO">&lt;/td&gt;&lt;/tr&gt;&lt;tr&gt;&lt;th colspan='3'&gt;Following are the Parameters Passed to the Test Case&lt;/th&gt;&lt;td&gt;&lt;/td&gt;&lt;/tr&gt;&lt;tr&gt;&lt;th colspan='2'&gt;Framework version : &lt;/th&gt;&lt;td colspan='2'&gt;uicoreframeworkwithbdd_dev - 4.8.1.7&lt;/td&gt;&lt;/tr&gt;&lt;tr&gt;&lt;th colspan='2'&gt;Acquition Type : &lt;/th&gt;&lt;td colspan='2'&gt;Specific&lt;/td&gt;&lt;/tr&gt;</msg>
</kw>
</test>
