<?xml version="1.0" encoding="ISO-8859-1"?><robot>
<suite id="TS_Lyric_001" name="DAS_Android">
<test name="motionDetection_chooseZones">
<kw name="Given  : user logs in to Lyric app" type="kw">
<msg html="yes" level="INFO" timestamp="20170829 19:19:34.610">&lt;b&gt;[PASS]&lt;/b&gt; Click on Element : Successfully click on ID:com.android.packageinstaller:id/permission_allow_button</msg>
<msg html="yes" level="INFO" timestamp="20170829 19:19:44.602">&lt;b&gt;[PASS]&lt;/b&gt; Click on Element : Successfully click on WebServerURL</msg>
<msg html="yes" level="INFO" timestamp="20170829 19:19:45.646">&lt;b&gt;[FAIL]&lt;/b&gt; Get Mobile Element : XPATH://*[@text='Chil Das(Test)']', Unexpected Error occured - cannot forward the request Connect to 127.0.0.1:4723 [/127.0.0.1] failed: Connection refused (Connection refused)
</msg>
<msg html="yes" level="INFO" timestamp="20170829 19:19:45.646">&lt;/td&gt;&lt;/tr&gt;&lt;tr&gt;&lt;td colspan="3"&gt;&lt;a href="../screenShots/h242928TESTCASENAME_2017_08_29_19_19_15/#Error : org.openqa.selenium.WebDriverException: Session [3879c5d0-4c32-4223-a537-a34cc89f923d] was terminated due to FORWARDING_TO_NODE_FAILED
Build info: version: '2.53.0', revision: '35ae25b1534ae328c771e0856c93e187490ca824', time: '2016-03-15 10:43:46'
System info: host: 'IE3BMLN0001DF', ip: '10.77.14.230', os.name: 'Mac OS X', os.arch: 'x86_64', os.version: '10.12.3', java.version: '1.8.0_131'
Driver info: driver.version: unknown"&gt;&lt;img src="../screenShots/h242928TESTCASENAME_2017_08_29_19_19_15/#Error : org.openqa.selenium.WebDriverException: Session [3879c5d0-4c32-4223-a537-a34cc89f923d] was terminated due to FORWARDING_TO_NODE_FAILED
Build info: version: '2.53.0', revision: '35ae25b1534ae328c771e0856c93e187490ca824', time: '2016-03-15 10:43:46'
System info: host: 'IE3BMLN0001DF', ip: '10.77.14.230', os.name: 'Mac OS X', os.arch: 'x86_64', os.version: '10.12.3', java.version: '1.8.0_131'
Driver info: driver.version: unknown" height="450px" width="270px"&gt;&lt;/a&gt;</msg>
<msg html="yes" level="INFO" timestamp="20170829 19:19:45.656">&lt;b&gt;[FAIL]&lt;/b&gt; Click on Element : Element not found XPATH://*[@text='Chil Das(Test)']</msg>
<msg html="yes" level="INFO" timestamp="20170829 19:19:45.656">&lt;/td&gt;&lt;/tr&gt;&lt;tr&gt;&lt;td colspan="3"&gt;&lt;a href="../screenShots/h242928TESTCASENAME_2017_08_29_19_19_15/#Error : org.openqa.selenium.WebDriverException: Session [3879c5d0-4c32-4223-a537-a34cc89f923d] was terminated due to FORWARDING_TO_NODE_FAILED
Build info: version: '2.53.0', revision: '35ae25b1534ae328c771e0856c93e187490ca824', time: '2016-03-15 10:43:46'
System info: host: 'IE3BMLN0001DF', ip: '10.77.14.230', os.name: 'Mac OS X', os.arch: 'x86_64', os.version: '10.12.3', java.version: '1.8.0_131'
Driver info: driver.version: unknown"&gt;&lt;img src="../screenShots/h242928TESTCASENAME_2017_08_29_19_19_15/#Error : org.openqa.selenium.WebDriverException: Session [3879c5d0-4c32-4223-a537-a34cc89f923d] was terminated due to FORWARDING_TO_NODE_FAILED
Build info: version: '2.53.0', revision: '35ae25b1534ae328c771e0856c93e187490ca824', time: '2016-03-15 10:43:46'
System info: host: 'IE3BMLN0001DF', ip: '10.77.14.230', os.name: 'Mac OS X', os.arch: 'x86_64', os.version: '10.12.3', java.version: '1.8.0_131'
Driver info: driver.version: unknown" height="450px" width="270px"&gt;&lt;/a&gt;</msg>
<msg html="yes" level="INFO" timestamp="20170829 19:19:45.657">&lt;b&gt;[FAIL]&lt;/b&gt; [Set App Environment ] : Not able to Select the required environment - Chil Das(Test)</msg>
<msg html="yes" level="INFO" timestamp="20170829 19:19:45.673">&lt;b&gt;[FAIL]&lt;/b&gt; Get Mobile Element : id:url_selection_header', Unexpected Error occured - Session [3879c5d0-4c32-4223-a537-a34cc89f923d] was terminated due to FORWARDING_TO_NODE_FAILED
</msg>
<msg html="yes" level="INFO" timestamp="20170829 19:19:45.673">&lt;/td&gt;&lt;/tr&gt;&lt;tr&gt;&lt;td colspan="3"&gt;&lt;a href="../screenShots/h242928TESTCASENAME_2017_08_29_19_19_15/#Error : org.openqa.selenium.WebDriverException: Session [3879c5d0-4c32-4223-a537-a34cc89f923d] was terminated due to FORWARDING_TO_NODE_FAILED
Build info: version: '2.53.0', revision: '35ae25b1534ae328c771e0856c93e187490ca824', time: '2016-03-15 10:43:46'
System info: host: 'IE3BMLN0001DF', ip: '10.77.14.230', os.name: 'Mac OS X', os.arch: 'x86_64', os.version: '10.12.3', java.version: '1.8.0_131'
Driver info: driver.version: unknown"&gt;&lt;img src="../screenShots/h242928TESTCASENAME_2017_08_29_19_19_15/#Error : org.openqa.selenium.WebDriverException: Session [3879c5d0-4c32-4223-a537-a34cc89f923d] was terminated due to FORWARDING_TO_NODE_FAILED
Build info: version: '2.53.0', revision: '35ae25b1534ae328c771e0856c93e187490ca824', time: '2016-03-15 10:43:46'
System info: host: 'IE3BMLN0001DF', ip: '10.77.14.230', os.name: 'Mac OS X', os.arch: 'x86_64', os.version: '10.12.3', java.version: '1.8.0_131'
Driver info: driver.version: unknown" height="450px" width="270px"&gt;&lt;/a&gt;</msg>
<msg html="yes" level="INFO" timestamp="20170829 19:19:45.680">&lt;b&gt;[FAIL]&lt;/b&gt; [Set App Environment ] : [Set App Environment ] : Error occured - null</msg>
<msg html="yes" level="INFO" timestamp="20170829 19:19:45.680">&lt;/td&gt;&lt;/tr&gt;&lt;tr&gt;&lt;td colspan="3"&gt;&lt;a href="../screenShots/h242928TESTCASENAME_2017_08_29_19_19_15/#Error : org.openqa.selenium.WebDriverException: Session [3879c5d0-4c32-4223-a537-a34cc89f923d] was terminated due to FORWARDING_TO_NODE_FAILED
Build info: version: '2.53.0', revision: '35ae25b1534ae328c771e0856c93e187490ca824', time: '2016-03-15 10:43:46'
System info: host: 'IE3BMLN0001DF', ip: '10.77.14.230', os.name: 'Mac OS X', os.arch: 'x86_64', os.version: '10.12.3', java.version: '1.8.0_131'
Driver info: driver.version: unknown"&gt;&lt;img src="../screenShots/h242928TESTCASENAME_2017_08_29_19_19_15/#Error : org.openqa.selenium.WebDriverException: Session [3879c5d0-4c32-4223-a537-a34cc89f923d] was terminated due to FORWARDING_TO_NODE_FAILED
Build info: version: '2.53.0', revision: '35ae25b1534ae328c771e0856c93e187490ca824', time: '2016-03-15 10:43:46'
System info: host: 'IE3BMLN0001DF', ip: '10.77.14.230', os.name: 'Mac OS X', os.arch: 'x86_64', os.version: '10.12.3', java.version: '1.8.0_131'
Driver info: driver.version: unknown" height="450px" width="270px"&gt;&lt;/a&gt;</msg>
<kw name="Given  : user logs in to Lyric app" type="kw">
<msg html="yes" level="INFO" timestamp="20170829 19:19:45.686">&lt;b&gt;[FAIL]&lt;/b&gt; Execute Keyword : Not able to execute Step - 'user logs in to Lyric app'. Error Occured - null</msg>
<status critical="yes" endtime="20170829 19:19:45.686" starttime="20170829 19:19:45.686" status="FAIL"/>
</kw>
<kw name="Then  : verify &quot;ZONE1&quot; is &quot;selected&quot;" type="kw">
<msg html="yes" level="INFO" timestamp="20170829 19:19:45.746">&lt;b&gt;[FAIL]&lt;/b&gt; Get Mobile Element : MotionDetection_Zone1', Unexpected Error occured - Session [3879c5d0-4c32-4223-a537-a34cc89f923d] was terminated due to FORWARDING_TO_NODE_FAILED
</msg>
<msg html="yes" level="INFO" timestamp="20170829 19:19:45.747">&lt;/td&gt;&lt;/tr&gt;&lt;tr&gt;&lt;td colspan="3"&gt;&lt;a href="../screenShots/h242928TESTCASENAME_2017_08_29_19_19_15/#Error : org.openqa.selenium.WebDriverException: Session [3879c5d0-4c32-4223-a537-a34cc89f923d] was terminated due to FORWARDING_TO_NODE_FAILED
Build info: version: '2.53.0', revision: '35ae25b1534ae328c771e0856c93e187490ca824', time: '2016-03-15 10:43:46'
System info: host: 'IE3BMLN0001DF', ip: '10.77.14.230', os.name: 'Mac OS X', os.arch: 'x86_64', os.version: '10.12.3', java.version: '1.8.0_131'
Driver info: driver.version: unknown"&gt;&lt;img src="../screenShots/h242928TESTCASENAME_2017_08_29_19_19_15/#Error : org.openqa.selenium.WebDriverException: Session [3879c5d0-4c32-4223-a537-a34cc89f923d] was terminated due to FORWARDING_TO_NODE_FAILED
Build info: version: '2.53.0', revision: '35ae25b1534ae328c771e0856c93e187490ca824', time: '2016-03-15 10:43:46'
System info: host: 'IE3BMLN0001DF', ip: '10.77.14.230', os.name: 'Mac OS X', os.arch: 'x86_64', os.version: '10.12.3', java.version: '1.8.0_131'
Driver info: driver.version: unknown" height="450px" width="270px"&gt;&lt;/a&gt;</msg>
<kw name="Then  : verify &quot;ZONE1&quot; is &quot;selected&quot;" type="kw">
<msg html="yes" level="INFO" timestamp="20170829 19:19:45.747">&lt;b&gt;[FAIL]&lt;/b&gt; Execute Keyword : Not able to execute Step - 'verify "ZONE1" is "selected"'. Error Occured - null</msg>
<status critical="yes" endtime="20170829 19:19:45.747" starttime="20170829 19:19:45.747" status="FAIL"/>
</kw>
<kw name="Then  : verify &quot;ZONE2&quot; is &quot;selected&quot;&quot;" type="kw">
<msg html="yes" level="INFO" timestamp="20170829 19:19:45.764">&lt;b&gt;[FAIL]&lt;/b&gt; Get Mobile Element : MotionDetection_Zone2', Unexpected Error occured - Session [3879c5d0-4c32-4223-a537-a34cc89f923d] was terminated due to FORWARDING_TO_NODE_FAILED
</msg>
<kw name="Then  : verify &quot;ZONE2&quot; is &quot;selected&quot;&quot;" type="kw">
<msg html="yes" level="INFO" timestamp="20170829 19:19:45.764">&lt;b&gt;[FAIL]&lt;/b&gt; Execute Keyword : Not able to execute Step - 'verify "ZONE2" is "selected""'. Error Occured - null</msg>
<status critical="yes" endtime="20170829 19:19:45.765" starttime="20170829 19:19:45.764" status="FAIL"/>
</kw>
</kw>
</kw>
</kw>
<doc>[Set App Environment ] : Not able to Select the required environment - Chil Das(Test)</doc>
<tags>
<tag>:: Not Executed ::</tag>
</tags>
<status critical="yes" endtime="20170829 19:19:45.778" starttime="20170829 19:19:15.584" status="FAIL"/>
<kw name="Parameter Information" type="for">
<status critical="yes" endtime="20170829 19:19:45.779" starttime="20170829 19:19:15.584" status="PASS"/>
<msg html="yes" level="INFO">&lt;/td&gt;&lt;/tr&gt;&lt;tr&gt;&lt;th colspan='3'&gt;Following are the Parameters Passed to the Test Case&lt;/th&gt;&lt;td&gt;&lt;/td&gt;&lt;/tr&gt;&lt;tr&gt;&lt;th colspan='2'&gt;Framework version : &lt;/th&gt;&lt;td colspan='2'&gt;uicoreframeworkwithbdd_dev - 4.8.1.7&lt;/td&gt;&lt;/tr&gt;&lt;tr&gt;&lt;th colspan='2'&gt;Acquition Type : &lt;/th&gt;&lt;td colspan='2'&gt;Specific&lt;/td&gt;&lt;/tr&gt;</msg>
</kw>
</test>
<status critical="yes" endtime="20170829 19:19:46.032" starttime="20170829 19:19:45.989" status="FAIL"/>
</suite>
</robot>
