<?xml version="1.0" encoding="ISO-8859-1"?><robot>
<suite id="TS_Lyric_001" name="DAS_Android">
<test name="motionDetection_retainZoneSelected">
<kw name="Given  : user logs in to Lyric app" type="kw">
<msg html="yes" level="INFO" timestamp="20170831 14:27:46.892">&lt;b&gt;[PASS]&lt;/b&gt; Click on Element : Successfully click on ID:com.android.packageinstaller:id/permission_allow_button</msg>
<msg html="yes" level="INFO" timestamp="20170831 14:27:55.731">&lt;b&gt;[PASS]&lt;/b&gt; Click on Element : Successfully click on WebServerURL</msg>
<msg html="yes" level="INFO" timestamp="20170831 14:27:57.044">&lt;b&gt;[PASS]&lt;/b&gt; Click on Element : Successfully click on XPATH://*[@text='Chil Das(Test)']</msg>
<msg html="yes" level="INFO" timestamp="20170831 14:27:57.044">&lt;b&gt;[PASS]&lt;/b&gt; [Set App Environment ] :  App environment set to Chil Das(Test)</msg>
<msg html="yes" level="INFO" timestamp="20170831 14:27:57.821">&lt;b&gt;[PASS]&lt;/b&gt;  navigate back successfully</msg>
<msg html="yes" level="INFO" timestamp="20170831 14:27:57.822">&lt;b&gt;[PASS]&lt;/b&gt; [Set App Environment ] : Navigating back to Login screen</msg>
<msg html="yes" level="INFO" timestamp="20170831 14:27:58.622">&lt;b&gt;[PASS]&lt;/b&gt; Click on Element : Successfully click on LoginButton</msg>
<msg html="yes" level="INFO" timestamp="20170831 14:28:06.135">&lt;b&gt;[PASS]&lt;/b&gt; Login To Lyric : Email Address set to - autotest2@grr.la</msg>
<msg html="yes" level="INFO" timestamp="20170831 14:28:13.417">&lt;b&gt;[PASS]&lt;/b&gt; Login To Lyric : Password set to - Password1</msg>
<msg html="yes" level="INFO" timestamp="20170831 14:28:14.108">&lt;b&gt;[PASS]&lt;/b&gt; Click on Element : Successfully click on LoginButton</msg>
<msg html="yes" level="INFO" timestamp="20170831 14:29:10.639">&lt;b&gt;[FAIL]&lt;/b&gt; Login To Lyric : Unable to navigate to homepage. Could not find notification icon on homepage</msg>
<msg html="yes" level="INFO" timestamp="20170831 14:29:10.639">&lt;/td&gt;&lt;/tr&gt;&lt;tr&gt;&lt;td colspan="3"&gt;&lt;a href="../screenShots/h242928TESTCASENAME_2017_08_31_14_27_23/screenshot2518157881675545746.png"&gt;&lt;img src="../screenShots/h242928TESTCASENAME_2017_08_31_14_27_23/screenshot2518157881675545746.png" height="450px" width="270px"&gt;&lt;/a&gt;</msg>
<status critical="yes" endtime="20170831 14:29:10.642" starttime="20170831 14:27:23.248" status="FAIL"/>
</kw>
<kw name="Then  : verify &quot;ENABLE DETECTION ZONE&quot; is &quot;selected&quot;" type="kw">
<msg html="yes" level="INFO" timestamp="20170831 14:29:10.729">&lt;b&gt;[FAIL]&lt;/b&gt; Get Mobile Element : EnabledDetectionZone', Unexpected Error occured - cannot forward the request Connect to 127.0.0.1:4723 [/127.0.0.1] failed: Connection refused (Connection refused)
</msg>
<msg html="yes" level="INFO" timestamp="20170831 14:29:10.729">&lt;/td&gt;&lt;/tr&gt;&lt;tr&gt;&lt;td colspan="3"&gt;&lt;a href="../screenShots/h242928TESTCASENAME_2017_08_31_14_27_23/#Error : org.openqa.selenium.WebDriverException: Session [221ca002-9b6a-41b2-9921-5fe4ecf03183] was terminated due to FORWARDING_TO_NODE_FAILED
Build info: version: '2.53.0', revision: '35ae25b1534ae328c771e0856c93e187490ca824', time: '2016-03-15 10:43:46'
System info: host: 'IE3BMLN0001DF', ip: '10.77.15.66', os.name: 'Mac OS X', os.arch: 'x86_64', os.version: '10.12.3', java.version: '1.8.0_131'
Driver info: driver.version: unknown"&gt;&lt;img src="../screenShots/h242928TESTCASENAME_2017_08_31_14_27_23/#Error : org.openqa.selenium.WebDriverException: Session [221ca002-9b6a-41b2-9921-5fe4ecf03183] was terminated due to FORWARDING_TO_NODE_FAILED
Build info: version: '2.53.0', revision: '35ae25b1534ae328c771e0856c93e187490ca824', time: '2016-03-15 10:43:46'
System info: host: 'IE3BMLN0001DF', ip: '10.77.15.66', os.name: 'Mac OS X', os.arch: 'x86_64', os.version: '10.12.3', java.version: '1.8.0_131'
Driver info: driver.version: unknown" height="450px" width="270px"&gt;&lt;/a&gt;</msg>
<kw name="Then  : verify &quot;ENABLE DETECTION ZONE&quot; is &quot;selected&quot;" type="kw">
<msg html="yes" level="INFO" timestamp="20170831 14:29:10.730">&lt;b&gt;[FAIL]&lt;/b&gt; Execute Keyword : Not able to execute Step - 'verify "ENABLE DETECTION ZONE" is "selected"'. Error Occured - null</msg>
<status critical="yes" endtime="20170831 14:29:10.731" starttime="20170831 14:29:10.730" status="FAIL"/>
</kw>
</kw>
<doc>Execute Keyword : Not able to execute Step - 'verify "ENABLE DETECTION ZONE" is "selected"'. Error Occured - null</doc>
<tags>
<tag>:: Not Executed ::</tag>
</tags>
<status critical="yes" endtime="20170831 14:29:10.744" starttime="20170831 14:27:23.231" status="FAIL"/>
<kw name="Parameter Information" type="for">
<status critical="yes" endtime="20170831 14:29:10.744" starttime="20170831 14:27:23.231" status="PASS"/>
<msg html="yes" level="INFO">&lt;/td&gt;&lt;/tr&gt;&lt;tr&gt;&lt;th colspan='3'&gt;Following are the Parameters Passed to the Test Case&lt;/th&gt;&lt;td&gt;&lt;/td&gt;&lt;/tr&gt;&lt;tr&gt;&lt;th colspan='2'&gt;Framework version : &lt;/th&gt;&lt;td colspan='2'&gt;uicoreframeworkwithbdd_dev - 4.8.1.7&lt;/td&gt;&lt;/tr&gt;&lt;tr&gt;&lt;th colspan='2'&gt;Acquition Type : &lt;/th&gt;&lt;td colspan='2'&gt;Specific&lt;/td&gt;&lt;/tr&gt;</msg>
</kw>
</test>
<status critical="yes" endtime="20170831 14:29:11.046" starttime="20170831 14:29:11.005" status="FAIL"/>
</suite>
</robot>
