<?xml version="1.0" encoding="ISO-8859-1"?><robot>
<suite id="TS_Lyric_001" name="DAS_Android">
<test name="motionDetection_retainZoneSelected">
<kw name="Given  : user logs in to Lyric app" type="kw">
<msg html="yes" level="INFO" timestamp="20170831 14:34:06.412">&lt;b&gt;[PASS]&lt;/b&gt; Click on Element : Successfully click on ID:com.android.packageinstaller:id/permission_allow_button</msg>
<msg html="yes" level="INFO" timestamp="20170831 14:34:16.343">&lt;b&gt;[PASS]&lt;/b&gt; Click on Element : Successfully click on WebServerURL</msg>
<msg html="yes" level="INFO" timestamp="20170831 14:34:17.650">&lt;b&gt;[PASS]&lt;/b&gt; Click on Element : Successfully click on XPATH://*[@text='Chil Das(Test)']</msg>
<msg html="yes" level="INFO" timestamp="20170831 14:34:17.650">&lt;b&gt;[PASS]&lt;/b&gt; [Set App Environment ] :  App environment set to Chil Das(Test)</msg>
<msg html="yes" level="INFO" timestamp="20170831 14:34:18.490">&lt;b&gt;[PASS]&lt;/b&gt;  navigate back successfully</msg>
<msg html="yes" level="INFO" timestamp="20170831 14:34:18.491">&lt;b&gt;[PASS]&lt;/b&gt; [Set App Environment ] : Navigating back to Login screen</msg>
<msg html="yes" level="INFO" timestamp="20170831 14:34:19.373">&lt;b&gt;[PASS]&lt;/b&gt; Click on Element : Successfully click on LoginButton</msg>
<msg html="yes" level="INFO" timestamp="20170831 14:34:27.014">&lt;b&gt;[PASS]&lt;/b&gt; Login To Lyric : Email Address set to - autotest2@grr.la</msg>
<msg html="yes" level="INFO" timestamp="20170831 14:34:33.907">&lt;b&gt;[PASS]&lt;/b&gt; Login To Lyric : Password set to - Password1</msg>
<msg html="yes" level="INFO" timestamp="20170831 14:34:34.582">&lt;b&gt;[PASS]&lt;/b&gt; Click on Element : Successfully click on LoginButton</msg>
<msg html="yes" level="INFO" timestamp="20170831 14:34:43.635">&lt;b&gt;[PASS]&lt;/b&gt; Login to Lyric : Successfully navigated to HomeScreen</msg>
<status critical="yes" endtime="20170831 14:34:43.635" starttime="20170831 14:33:47.325" status="PASS"/>
</kw>
<kw name="When  : user clicks on &quot;HAMBURGER MENU&quot; button" type="kw">
<msg html="yes" level="INFO" timestamp="20170831 14:34:53.901">&lt;b&gt;[PASS]&lt;/b&gt; Click on Element : Successfully click on GlobalDrawerButton</msg>
<status critical="yes" endtime="20170831 14:34:53.901" starttime="20170831 14:34:43.674" status="PASS"/>
</kw>
<kw name="And  : user clicks on &quot;DAS DEVICE&quot; menu" type="kw">
<msg html="yes" level="INFO" timestamp="20170831 14:35:00.894">&lt;b&gt;[PASS]&lt;/b&gt; Click on Element : Successfully click on xpath://*[@text='My Apollo']</msg>
<status critical="yes" endtime="20170831 14:35:00.895" starttime="20170831 14:34:53.909" status="PASS"/>
</kw>
<kw name="And  : user clicks on &quot;BASE STATION SETTINGS&quot; menu" type="kw">
<msg html="yes" level="INFO" timestamp="20170831 14:35:01.792">&lt;b&gt;[PASS]&lt;/b&gt; swipe up to focus on Base station menu was successfull</msg>
<msg html="yes" level="INFO" timestamp="20170831 14:35:23.694">&lt;b&gt;[FAIL]&lt;/b&gt; Get Mobile Element : BaseStation_Option', Element identification got timed out.</msg>
<msg html="yes" level="INFO" timestamp="20170831 14:35:23.694">&lt;/td&gt;&lt;/tr&gt;&lt;tr&gt;&lt;td colspan="3"&gt;&lt;a href="../screenShots/h242928TESTCASENAME_2017_08_31_14_33_47/#Error : org.openqa.selenium.WebDriverException: Session [bde48892-3a99-4756-9f87-b41e7aa12591] was terminated due to FORWARDING_TO_NODE_FAILED
Build info: version: '2.53.0', revision: '35ae25b1534ae328c771e0856c93e187490ca824', time: '2016-03-15 10:43:46'
System info: host: 'IE3BMLN0001DF', ip: '10.77.15.66', os.name: 'Mac OS X', os.arch: 'x86_64', os.version: '10.12.3', java.version: '1.8.0_131'
Driver info: driver.version: unknown"&gt;&lt;img src="../screenShots/h242928TESTCASENAME_2017_08_31_14_33_47/#Error : org.openqa.selenium.WebDriverException: Session [bde48892-3a99-4756-9f87-b41e7aa12591] was terminated due to FORWARDING_TO_NODE_FAILED
Build info: version: '2.53.0', revision: '35ae25b1534ae328c771e0856c93e187490ca824', time: '2016-03-15 10:43:46'
System info: host: 'IE3BMLN0001DF', ip: '10.77.15.66', os.name: 'Mac OS X', os.arch: 'x86_64', os.version: '10.12.3', java.version: '1.8.0_131'
Driver info: driver.version: unknown" height="450px" width="270px"&gt;&lt;/a&gt;</msg>
<msg html="yes" level="INFO" timestamp="20170831 14:35:23.704">&lt;b&gt;[FAIL]&lt;/b&gt; Click on Element : Element not found BaseStation_Option</msg>
<msg html="yes" level="INFO" timestamp="20170831 14:35:23.704">&lt;/td&gt;&lt;/tr&gt;&lt;tr&gt;&lt;td colspan="3"&gt;&lt;a href="../screenShots/h242928TESTCASENAME_2017_08_31_14_33_47/#Error : org.openqa.selenium.WebDriverException: Session [bde48892-3a99-4756-9f87-b41e7aa12591] was terminated due to FORWARDING_TO_NODE_FAILED
Build info: version: '2.53.0', revision: '35ae25b1534ae328c771e0856c93e187490ca824', time: '2016-03-15 10:43:46'
System info: host: 'IE3BMLN0001DF', ip: '10.77.15.66', os.name: 'Mac OS X', os.arch: 'x86_64', os.version: '10.12.3', java.version: '1.8.0_131'
Driver info: driver.version: unknown"&gt;&lt;img src="../screenShots/h242928TESTCASENAME_2017_08_31_14_33_47/#Error : org.openqa.selenium.WebDriverException: Session [bde48892-3a99-4756-9f87-b41e7aa12591] was terminated due to FORWARDING_TO_NODE_FAILED
Build info: version: '2.53.0', revision: '35ae25b1534ae328c771e0856c93e187490ca824', time: '2016-03-15 10:43:46'
System info: host: 'IE3BMLN0001DF', ip: '10.77.15.66', os.name: 'Mac OS X', os.arch: 'x86_64', os.version: '10.12.3', java.version: '1.8.0_131'
Driver info: driver.version: unknown" height="450px" width="270px"&gt;&lt;/a&gt;</msg>
<status critical="yes" endtime="20170831 14:35:23.704" starttime="20170831 14:35:00.902" status="FAIL"/>
</kw>
<kw name="Then  : verify &quot;ENABLE DETECTION ZONE&quot; is &quot;selected&quot;" type="kw">
<msg html="yes" level="INFO" timestamp="20170831 14:35:23.732">&lt;b&gt;[FAIL]&lt;/b&gt; Get Mobile Element : EnabledDetectionZone', Unexpected Error occured - Session [bde48892-3a99-4756-9f87-b41e7aa12591] was terminated due to FORWARDING_TO_NODE_FAILED
</msg>
<msg html="yes" level="INFO" timestamp="20170831 14:35:23.732">&lt;/td&gt;&lt;/tr&gt;&lt;tr&gt;&lt;td colspan="3"&gt;&lt;a href="../screenShots/h242928TESTCASENAME_2017_08_31_14_33_47/#Error : org.openqa.selenium.WebDriverException: Session [bde48892-3a99-4756-9f87-b41e7aa12591] was terminated due to FORWARDING_TO_NODE_FAILED
Build info: version: '2.53.0', revision: '35ae25b1534ae328c771e0856c93e187490ca824', time: '2016-03-15 10:43:46'
System info: host: 'IE3BMLN0001DF', ip: '10.77.15.66', os.name: 'Mac OS X', os.arch: 'x86_64', os.version: '10.12.3', java.version: '1.8.0_131'
Driver info: driver.version: unknown"&gt;&lt;img src="../screenShots/h242928TESTCASENAME_2017_08_31_14_33_47/#Error : org.openqa.selenium.WebDriverException: Session [bde48892-3a99-4756-9f87-b41e7aa12591] was terminated due to FORWARDING_TO_NODE_FAILED
Build info: version: '2.53.0', revision: '35ae25b1534ae328c771e0856c93e187490ca824', time: '2016-03-15 10:43:46'
System info: host: 'IE3BMLN0001DF', ip: '10.77.15.66', os.name: 'Mac OS X', os.arch: 'x86_64', os.version: '10.12.3', java.version: '1.8.0_131'
Driver info: driver.version: unknown" height="450px" width="270px"&gt;&lt;/a&gt;</msg>
<kw name="Then  : verify &quot;ENABLE DETECTION ZONE&quot; is &quot;selected&quot;" type="kw">
<msg html="yes" level="INFO" timestamp="20170831 14:35:23.733">&lt;b&gt;[FAIL]&lt;/b&gt; Execute Keyword : Not able to execute Step - 'verify "ENABLE DETECTION ZONE" is "selected"'. Error Occured - null</msg>
<status critical="yes" endtime="20170831 14:35:23.733" starttime="20170831 14:35:23.733" status="FAIL"/>
</kw>
</kw>
<doc>Execute Keyword : Not able to execute Step - 'verify "ENABLE DETECTION ZONE" is "selected"'. Error Occured - null</doc>
<tags>
<tag>:: Not Executed ::</tag>
</tags>
<status critical="yes" endtime="20170831 14:35:23.748" starttime="20170831 14:33:47.310" status="FAIL"/>
<kw name="Parameter Information" type="for">
<status critical="yes" endtime="20170831 14:35:23.748" starttime="20170831 14:33:47.310" status="PASS"/>
<msg html="yes" level="INFO">&lt;/td&gt;&lt;/tr&gt;&lt;tr&gt;&lt;th colspan='3'&gt;Following are the Parameters Passed to the Test Case&lt;/th&gt;&lt;td&gt;&lt;/td&gt;&lt;/tr&gt;&lt;tr&gt;&lt;th colspan='2'&gt;Framework version : &lt;/th&gt;&lt;td colspan='2'&gt;uicoreframeworkwithbdd_dev - 4.8.1.7&lt;/td&gt;&lt;/tr&gt;&lt;tr&gt;&lt;th colspan='2'&gt;Acquition Type : &lt;/th&gt;&lt;td colspan='2'&gt;Specific&lt;/td&gt;&lt;/tr&gt;</msg>
</kw>
</test>
<status critical="yes" endtime="20170831 14:35:24.026" starttime="20170831 14:35:23.978" status="FAIL"/>
</suite>
</robot>
