<?xml version="1.0" encoding="ISO-8859-1"?><robot>
<suite id="TS_Lyric_001" name="DAS_Android">
<test name="motionDetection_verifyZonesSensitivityLevel">
<kw name="Given  : user logs in to Lyric app" type="kw">
<msg html="yes" level="INFO" timestamp="20170830 15:19:55.905">&lt;b&gt;[PASS]&lt;/b&gt; Click on Element : Successfully click on name:OK</msg>
<msg html="yes" level="INFO" timestamp="20170830 15:19:57.525">&lt;b&gt;[PASS]&lt;/b&gt; Click on Element : Successfully click on name:Allow</msg>
<msg html="yes" level="INFO" timestamp="20170830 15:20:17.501">&lt;b&gt;[PASS]&lt;/b&gt; Click on Element : Successfully click on xpath://XCUIElementTypeTextField[contains(@value,'https')]</msg>
<msg html="yes" level="INFO" timestamp="20170830 15:20:18.886">&lt;b&gt;[PASS]&lt;/b&gt; Click on Element : Successfully click on name:Return</msg>
<msg html="yes" level="INFO" timestamp="20170830 15:20:19.953">&lt;b&gt;[PASS]&lt;/b&gt; Click on Element : Successfully click on name:Chil Das(Test)</msg>
<msg html="yes" level="INFO" timestamp="20170830 15:20:20.883">&lt;b&gt;[PASS]&lt;/b&gt; Click on Element : Successfully click on name:Done</msg>
<msg html="yes" level="INFO" timestamp="20170830 15:20:22.253">&lt;b&gt;[PASS]&lt;/b&gt; Click on Element : Successfully click on LoginButton</msg>
<msg html="yes" level="INFO" timestamp="20170830 15:20:24.471">&lt;b&gt;[PASS]&lt;/b&gt; Login To Lyric : Email Address set to - autotest2@grr.la</msg>
<msg html="yes" level="INFO" timestamp="20170830 15:20:26.062">&lt;b&gt;[PASS]&lt;/b&gt; Login To Lyric : Password set to - Password1</msg>
<msg html="yes" level="INFO" timestamp="20170830 15:20:27.014">&lt;b&gt;[PASS]&lt;/b&gt; Click on Element : Successfully click on NAME:Login_Button</msg>
<msg html="yes" level="INFO" timestamp="20170830 15:20:31.478">&lt;b&gt;[PASS]&lt;/b&gt; Login to Lyric : Successfully navigated to HomeScreen</msg>
<status critical="yes" endtime="20170830 15:20:31.478" starttime="20170830 15:18:39.061" status="PASS"/>
</kw>
<kw name="When  : user clicks on &quot;HAMBURGER MENU&quot; button" type="kw">
<msg html="yes" level="INFO" timestamp="20170830 15:20:39.295">&lt;b&gt;[PASS]&lt;/b&gt; Click on Element : Successfully click on GlobalDrawerButton</msg>
<status critical="yes" endtime="20170830 15:20:39.295" starttime="20170830 15:20:31.512" status="PASS"/>
</kw>
<kw name="And  : user clicks on &quot;DAS DEVICE&quot; menu" type="kw">
<msg html="yes" level="INFO" timestamp="20170830 15:20:41.298">&lt;b&gt;[PASS]&lt;/b&gt; Click on Element : Successfully click on name:My Apollo</msg>
<status critical="yes" endtime="20170830 15:20:41.298" starttime="20170830 15:20:39.301" status="PASS"/>
</kw>
<kw name="And  : user clicks on &quot;BASE STATION SETTINGS&quot; menu" type="kw">
<msg html="yes" level="INFO" timestamp="20170830 15:20:46.495">&lt;b&gt;[PASS]&lt;/b&gt; swipe up to focus on Base station menu was successfull</msg>
<msg html="yes" level="INFO" timestamp="20170830 15:20:47.350">&lt;b&gt;[PASS]&lt;/b&gt; Click on Element : Successfully click on BaseStation_Option</msg>
<status critical="yes" endtime="20170830 15:20:47.350" starttime="20170830 15:20:41.304" status="PASS"/>
</kw>
<kw name="And  : user clicks on &quot;CAMERA SETTINGS&quot; menu" type="kw">
<msg html="yes" level="INFO" timestamp="20170830 15:20:48.371">&lt;b&gt;[PASS]&lt;/b&gt; Click on Element : Successfully click on Base_StationCamera</msg>
<status critical="yes" endtime="20170830 15:20:48.371" starttime="20170830 15:20:47.358" status="PASS"/>
</kw>
<kw name="And  : user taps on &quot;MOTION DETECTION&quot;" type="kw">
<msg html="yes" level="INFO" timestamp="20170830 15:20:50.782">&lt;b&gt;[PASS]&lt;/b&gt; Click on Element : Successfully click on MotionDetectionLabel</msg>
<msg html="yes" level="INFO" timestamp="20170830 15:20:50.782">&lt;b&gt;[PASS]&lt;/b&gt; Tapped on Motion Detection</msg>
<status critical="yes" endtime="20170830 15:20:50.783" starttime="20170830 15:20:48.382" status="PASS"/>
</kw>
<kw name="When  : user taps on &quot;ZONE1&quot;" type="kw">
<msg html="yes" level="INFO" timestamp="20170830 15:20:59.004">&lt;b&gt;[PASS]&lt;/b&gt; Click on Element : Successfully click on MotionDetection_Zone1</msg>
<status critical="yes" endtime="20170830 15:20:59.005" starttime="20170830 15:20:50.791" status="PASS"/>
</kw>
<kw name="Then  : verify &quot;ZONE1&quot; is displayed &quot;Low&quot;" type="kw">
<msg html="yes" level="INFO" timestamp="20170830 15:21:42.611">&lt;b&gt;[FAIL]&lt;/b&gt; MotionDetection LowSensitivity is not displayed</msg>
<msg html="yes" level="INFO" timestamp="20170830 15:21:42.611">&lt;/td&gt;&lt;/tr&gt;&lt;tr&gt;&lt;td colspan="3"&gt;&lt;a href="../screenShots/h242928TESTCASENAME_2017_08_30_15_18_39/screenshot20310082136977060.png"&gt;&lt;img src="../screenShots/h242928TESTCASENAME_2017_08_30_15_18_39/screenshot20310082136977060.png" height="450px" width="270px"&gt;&lt;/a&gt;</msg>
<msg html="yes" level="INFO" timestamp="20170830 15:22:25.990">&lt;b&gt;[FAIL]&lt;/b&gt; MotionDetection LowSensitivity is not displayed</msg>
<msg html="yes" level="INFO" timestamp="20170830 15:22:25.990">&lt;/td&gt;&lt;/tr&gt;&lt;tr&gt;&lt;td colspan="3"&gt;&lt;a href="../screenShots/h242928TESTCASENAME_2017_08_30_15_18_39/screenshot6490060130636834800.png"&gt;&lt;img src="../screenShots/h242928TESTCASENAME_2017_08_30_15_18_39/screenshot6490060130636834800.png" height="450px" width="270px"&gt;&lt;/a&gt;</msg>
<msg html="yes" level="INFO" timestamp="20170830 15:23:11.782">&lt;b&gt;[FAIL]&lt;/b&gt; MotionDetection LowSensitivity is not displayed</msg>
<msg html="yes" level="INFO" timestamp="20170830 15:23:11.782">&lt;/td&gt;&lt;/tr&gt;&lt;tr&gt;&lt;td colspan="3"&gt;&lt;a href="../screenShots/h242928TESTCASENAME_2017_08_30_15_18_39/screenshot3328328429234397683.png"&gt;&lt;img src="../screenShots/h242928TESTCASENAME_2017_08_30_15_18_39/screenshot3328328429234397683.png" height="450px" width="270px"&gt;&lt;/a&gt;</msg>
<msg html="yes" level="INFO" timestamp="20170830 15:23:49.785">&lt;b&gt;[FAIL]&lt;/b&gt; Is Mobile Element Available : WebDriver Exception Occured - cannot forward the request Connect to 10.77.15.66:4723 [/10.77.15.66] failed: Connection refused (Connection refused)
</msg>
<msg html="yes" level="INFO" timestamp="20170830 15:23:49.785">&lt;/td&gt;&lt;/tr&gt;&lt;tr&gt;&lt;td colspan="3"&gt;&lt;a href="../screenShots/h242928TESTCASENAME_2017_08_30_15_18_39/#Error : org.openqa.selenium.WebDriverException: Session [19eb9dea-6b4c-4e9c-b948-d0b331735ed4] was terminated due to FORWARDING_TO_NODE_FAILED
Build info: version: '2.53.0', revision: '35ae25b1534ae328c771e0856c93e187490ca824', time: '2016-03-15 10:43:46'
System info: host: 'IE3BMLN0001DF', ip: '10.77.15.66', os.name: 'Mac OS X', os.arch: 'x86_64', os.version: '10.12.3', java.version: '1.8.0_131'
Driver info: driver.version: unknown"&gt;&lt;img src="../screenShots/h242928TESTCASENAME_2017_08_30_15_18_39/#Error : org.openqa.selenium.WebDriverException: Session [19eb9dea-6b4c-4e9c-b948-d0b331735ed4] was terminated due to FORWARDING_TO_NODE_FAILED
Build info: version: '2.53.0', revision: '35ae25b1534ae328c771e0856c93e187490ca824', time: '2016-03-15 10:43:46'
System info: host: 'IE3BMLN0001DF', ip: '10.77.15.66', os.name: 'Mac OS X', os.arch: 'x86_64', os.version: '10.12.3', java.version: '1.8.0_131'
Driver info: driver.version: unknown" height="450px" width="270px"&gt;&lt;/a&gt;</msg>
<msg html="yes" level="INFO" timestamp="20170830 15:23:49.792">&lt;b&gt;[FAIL]&lt;/b&gt; MotionDetection LowSensitivity is not displayed</msg>
<msg html="yes" level="INFO" timestamp="20170830 15:23:49.792">&lt;/td&gt;&lt;/tr&gt;&lt;tr&gt;&lt;td colspan="3"&gt;&lt;a href="../screenShots/h242928TESTCASENAME_2017_08_30_15_18_39/#Error : org.openqa.selenium.WebDriverException: Session [19eb9dea-6b4c-4e9c-b948-d0b331735ed4] was terminated due to FORWARDING_TO_NODE_FAILED
Build info: version: '2.53.0', revision: '35ae25b1534ae328c771e0856c93e187490ca824', time: '2016-03-15 10:43:46'
System info: host: 'IE3BMLN0001DF', ip: '10.77.15.66', os.name: 'Mac OS X', os.arch: 'x86_64', os.version: '10.12.3', java.version: '1.8.0_131'
Driver info: driver.version: unknown"&gt;&lt;img src="../screenShots/h242928TESTCASENAME_2017_08_30_15_18_39/#Error : org.openqa.selenium.WebDriverException: Session [19eb9dea-6b4c-4e9c-b948-d0b331735ed4] was terminated due to FORWARDING_TO_NODE_FAILED
Build info: version: '2.53.0', revision: '35ae25b1534ae328c771e0856c93e187490ca824', time: '2016-03-15 10:43:46'
System info: host: 'IE3BMLN0001DF', ip: '10.77.15.66', os.name: 'Mac OS X', os.arch: 'x86_64', os.version: '10.12.3', java.version: '1.8.0_131'
Driver info: driver.version: unknown" height="450px" width="270px"&gt;&lt;/a&gt;</msg>
<msg html="yes" level="INFO" timestamp="20170830 15:23:49.798">&lt;b&gt;[FAIL]&lt;/b&gt; Is Mobile Element Available : WebDriver Exception Occured - Session [19eb9dea-6b4c-4e9c-b948-d0b331735ed4] was terminated due to FORWARDING_TO_NODE_FAILED
</msg>
<kw name="Then  : verify &quot;ZONE1&quot; is displayed &quot;Low&quot;" type="kw">
<msg html="yes" level="INFO" timestamp="20170830 15:23:49.804">&lt;b&gt;[FAIL]&lt;/b&gt; Execute Keyword : Not able to execute Step - 'verify "ZONE1" is displayed "Low"'. Error Occured - null</msg>
<status critical="yes" endtime="20170830 15:23:49.804" starttime="20170830 15:23:49.804" status="FAIL"/>
</kw>
</kw>
<doc>MotionDetection LowSensitivity is not displayed</doc>
<tags>
<tag>:: Not Executed ::</tag>
</tags>
<status critical="yes" endtime="20170830 15:23:49.823" starttime="20170830 15:18:39.045" status="FAIL"/>
<kw name="Parameter Information" type="for">
<status critical="yes" endtime="20170830 15:23:49.823" starttime="20170830 15:18:39.045" status="PASS"/>
<msg html="yes" level="INFO">&lt;/td&gt;&lt;/tr&gt;&lt;tr&gt;&lt;th colspan='3'&gt;Following are the Parameters Passed to the Test Case&lt;/th&gt;&lt;td&gt;&lt;/td&gt;&lt;/tr&gt;&lt;tr&gt;&lt;th colspan='2'&gt;Framework version : &lt;/th&gt;&lt;td colspan='2'&gt;uicoreframeworkwithbdd_dev - 4.8.1.7&lt;/td&gt;&lt;/tr&gt;&lt;tr&gt;&lt;th colspan='2'&gt;Acquition Type : &lt;/th&gt;&lt;td colspan='2'&gt;Specific&lt;/td&gt;&lt;/tr&gt;</msg>
</kw>
</test>
<status critical="yes" endtime="20170830 15:23:50.114" starttime="20170830 15:23:50.064" status="FAIL"/>
</suite>
</robot>
