<?xml version="1.0" encoding="ISO-8859-1"?><robot>
<suite id="TS_Lyric_001" name="DAS_Android">
<test name="As a user I want to verify that all Camera setting options">
<kw name="Given  : &quot;Home Mode&quot; as precondition" type="kw">
<msg html="yes" level="INFO" timestamp="20170824 20:27:41.153">&lt;b&gt;[FAIL]&lt;/b&gt; Get Stat Information : Stat not found by name - Security</msg>
<msg html="yes" level="INFO" timestamp="20170824 20:27:42.190">&lt;b&gt;[FAIL]&lt;/b&gt; Could not set base station in home : 400</msg>
<status critical="yes" endtime="20170824 20:27:42.191" starttime="20170824 20:27:36.251" status="FAIL"/>
</kw>
<kw name="Given  : user logs in to Lyric app" type="kw">
<msg html="yes" level="INFO" timestamp="20170824 20:28:58.686">&lt;b&gt;[FAIL]&lt;/b&gt; Get Mobile Element : LyricLogo', Element identification got timed out.</msg>
<msg html="yes" level="INFO" timestamp="20170824 20:28:58.687">&lt;/td&gt;&lt;/tr&gt;&lt;tr&gt;&lt;td colspan="3"&gt;&lt;a href="../screenShots/vijaydeepakTESTCASENAME_2017_08_24_20_27_36/#Error : null"&gt;&lt;img src="../screenShots/vijaydeepakTESTCASENAME_2017_08_24_20_27_36/#Error : null" height="450px" width="270px"&gt;&lt;/a&gt;</msg>
<msg html="yes" level="INFO" timestamp="20170824 20:28:58.705">&lt;b&gt;[FAIL]&lt;/b&gt; Get Mobile Element : HoneywellImage', Unexpected Error occured - Session [8003d03a-b549-411d-ab40-180c70914768] was terminated due to BROWSER_TIMEOUT
</msg>
<msg html="yes" level="INFO" timestamp="20170824 20:28:58.705">&lt;/td&gt;&lt;/tr&gt;&lt;tr&gt;&lt;td colspan="3"&gt;&lt;a href="../screenShots/vijaydeepakTESTCASENAME_2017_08_24_20_27_36/#Error : org.openqa.selenium.WebDriverException: Session [8003d03a-b549-411d-ab40-180c70914768] was terminated due to BROWSER_TIMEOUT
Build info: version: '2.53.0', revision: '35ae25b1534ae328c771e0856c93e187490ca824', time: '2016-03-15 10:43:46'
System info: host: 'Vijay-Deepaks-Mac-Book.local', ip: '192.168.0.102', os.name: 'Mac OS X', os.arch: 'x86_64', os.version: '10.12.5', java.version: '1.8.0_51'
Driver info: driver.version: unknown"&gt;&lt;img src="../screenShots/vijaydeepakTESTCASENAME_2017_08_24_20_27_36/#Error : org.openqa.selenium.WebDriverException: Session [8003d03a-b549-411d-ab40-180c70914768] was terminated due to BROWSER_TIMEOUT
Build info: version: '2.53.0', revision: '35ae25b1534ae328c771e0856c93e187490ca824', time: '2016-03-15 10:43:46'
System info: host: 'Vijay-Deepaks-Mac-Book.local', ip: '192.168.0.102', os.name: 'Mac OS X', os.arch: 'x86_64', os.version: '10.12.5', java.version: '1.8.0_51'
Driver info: driver.version: unknown" height="450px" width="270px"&gt;&lt;/a&gt;</msg>
<msg html="yes" level="INFO" timestamp="20170824 20:28:58.711">&lt;b&gt;[FAIL]&lt;/b&gt; [Set App Environment ] : Failed to open secret menu</msg>
<msg html="yes" level="INFO" timestamp="20170824 20:28:58.712">&lt;/td&gt;&lt;/tr&gt;&lt;tr&gt;&lt;td colspan="3"&gt;&lt;a href="../screenShots/vijaydeepakTESTCASENAME_2017_08_24_20_27_36/#Error : org.openqa.selenium.WebDriverException: Session [8003d03a-b549-411d-ab40-180c70914768] was terminated due to BROWSER_TIMEOUT
Build info: version: '2.53.0', revision: '35ae25b1534ae328c771e0856c93e187490ca824', time: '2016-03-15 10:43:46'
System info: host: 'Vijay-Deepaks-Mac-Book.local', ip: '192.168.0.102', os.name: 'Mac OS X', os.arch: 'x86_64', os.version: '10.12.5', java.version: '1.8.0_51'
Driver info: driver.version: unknown"&gt;&lt;img src="../screenShots/vijaydeepakTESTCASENAME_2017_08_24_20_27_36/#Error : org.openqa.selenium.WebDriverException: Session [8003d03a-b549-411d-ab40-180c70914768] was terminated due to BROWSER_TIMEOUT
Build info: version: '2.53.0', revision: '35ae25b1534ae328c771e0856c93e187490ca824', time: '2016-03-15 10:43:46'
System info: host: 'Vijay-Deepaks-Mac-Book.local', ip: '192.168.0.102', os.name: 'Mac OS X', os.arch: 'x86_64', os.version: '10.12.5', java.version: '1.8.0_51'
Driver info: driver.version: unknown" height="450px" width="270px"&gt;&lt;/a&gt;</msg>
<msg html="yes" level="INFO" timestamp="20170824 20:28:58.727">&lt;b&gt;[FAIL]&lt;/b&gt; Is Mobile Element Available : WebDriver Exception Occured - Session [8003d03a-b549-411d-ab40-180c70914768] was terminated due to BROWSER_TIMEOUT
</msg>
<msg html="yes" level="INFO" timestamp="20170824 20:28:58.727">&lt;/td&gt;&lt;/tr&gt;&lt;tr&gt;&lt;td colspan="3"&gt;&lt;a href="../screenShots/vijaydeepakTESTCASENAME_2017_08_24_20_27_36/#Error : org.openqa.selenium.WebDriverException: Session [8003d03a-b549-411d-ab40-180c70914768] was terminated due to BROWSER_TIMEOUT
Build info: version: '2.53.0', revision: '35ae25b1534ae328c771e0856c93e187490ca824', time: '2016-03-15 10:43:46'
System info: host: 'Vijay-Deepaks-Mac-Book.local', ip: '192.168.0.102', os.name: 'Mac OS X', os.arch: 'x86_64', os.version: '10.12.5', java.version: '1.8.0_51'
Driver info: driver.version: unknown"&gt;&lt;img src="../screenShots/vijaydeepakTESTCASENAME_2017_08_24_20_27_36/#Error : org.openqa.selenium.WebDriverException: Session [8003d03a-b549-411d-ab40-180c70914768] was terminated due to BROWSER_TIMEOUT
Build info: version: '2.53.0', revision: '35ae25b1534ae328c771e0856c93e187490ca824', time: '2016-03-15 10:43:46'
System info: host: 'Vijay-Deepaks-Mac-Book.local', ip: '192.168.0.102', os.name: 'Mac OS X', os.arch: 'x86_64', os.version: '10.12.5', java.version: '1.8.0_51'
Driver info: driver.version: unknown" height="450px" width="270px"&gt;&lt;/a&gt;</msg>
<msg html="yes" level="INFO" timestamp="20170824 20:28:58.736">&lt;b&gt;[FAIL]&lt;/b&gt; Get Mobile Element : name:Done', Unexpected Error occured - Session [8003d03a-b549-411d-ab40-180c70914768] was terminated due to BROWSER_TIMEOUT
</msg>
<msg html="yes" level="INFO" timestamp="20170824 20:28:58.736">&lt;/td&gt;&lt;/tr&gt;&lt;tr&gt;&lt;td colspan="3"&gt;&lt;a href="../screenShots/vijaydeepakTESTCASENAME_2017_08_24_20_27_36/#Error : org.openqa.selenium.WebDriverException: Session [8003d03a-b549-411d-ab40-180c70914768] was terminated due to BROWSER_TIMEOUT
Build info: version: '2.53.0', revision: '35ae25b1534ae328c771e0856c93e187490ca824', time: '2016-03-15 10:43:46'
System info: host: 'Vijay-Deepaks-Mac-Book.local', ip: '192.168.0.102', os.name: 'Mac OS X', os.arch: 'x86_64', os.version: '10.12.5', java.version: '1.8.0_51'
Driver info: driver.version: unknown"&gt;&lt;img src="../screenShots/vijaydeepakTESTCASENAME_2017_08_24_20_27_36/#Error : org.openqa.selenium.WebDriverException: Session [8003d03a-b549-411d-ab40-180c70914768] was terminated due to BROWSER_TIMEOUT
Build info: version: '2.53.0', revision: '35ae25b1534ae328c771e0856c93e187490ca824', time: '2016-03-15 10:43:46'
System info: host: 'Vijay-Deepaks-Mac-Book.local', ip: '192.168.0.102', os.name: 'Mac OS X', os.arch: 'x86_64', os.version: '10.12.5', java.version: '1.8.0_51'
Driver info: driver.version: unknown" height="450px" width="270px"&gt;&lt;/a&gt;</msg>
<msg html="yes" level="INFO" timestamp="20170824 20:28:58.736">&lt;b&gt;[FAIL]&lt;/b&gt; Click on Element : Element not found name:Done</msg>
<kw name="Given  : user logs in to Lyric app" type="kw">
<msg html="yes" level="INFO" timestamp="20170824 20:28:58.742">&lt;b&gt;[FAIL]&lt;/b&gt; Execute Keyword : Not able to execute Step - 'user logs in to Lyric app'. Error Occured - null</msg>
<status critical="yes" endtime="20170824 20:28:58.742" starttime="20170824 20:28:58.742" status="FAIL"/>
</kw>
<kw name="Then  : verify the display of following:" type="kw">
<msg html="yes" level="INFO" timestamp="20170824 20:28:58.747">&lt;b&gt;[FAIL]&lt;/b&gt; Scenario steps failed already, hence skipping the verification</msg>
<status critical="yes" endtime="20170824 20:28:58.747" starttime="20170824 20:28:58.747" status="FAIL"/>
</kw>
<kw name="Then  : verify &quot;CAMERA MICROPHONE&quot; is enabled" type="kw">
<msg html="yes" level="INFO" timestamp="20170824 20:28:58.751">&lt;b&gt;[FAIL]&lt;/b&gt; Scenario steps failed already, hence skipping the verification</msg>
<status critical="yes" endtime="20170824 20:28:58.751" starttime="20170824 20:28:58.751" status="FAIL"/>
</kw>
<kw name="Then  : verify &quot;CAMERA MICROPHONE&quot; is disabled" type="kw">
<msg html="yes" level="INFO" timestamp="20170824 20:28:58.757">&lt;b&gt;[FAIL]&lt;/b&gt; Scenario steps failed already, hence skipping the verification</msg>
<status critical="yes" endtime="20170824 20:28:58.757" starttime="20170824 20:28:58.757" status="FAIL"/>
</kw>
</kw>
<doc>Get Stat Information : Stat not found by name - Security</doc>
<tags>
<tag>:: Not Executed ::</tag>
</tags>
<status critical="yes" endtime="20170824 20:28:58.763" starttime="20170824 20:27:36.245" status="FAIL"/>
<kw name="Parameter Information" type="for">
<status critical="yes" endtime="20170824 20:28:58.764" starttime="20170824 20:27:36.245" status="PASS"/>
<msg html="yes" level="INFO">&lt;/td&gt;&lt;/tr&gt;&lt;tr&gt;&lt;th colspan='3'&gt;Following are the Parameters Passed to the Test Case&lt;/th&gt;&lt;td&gt;&lt;/td&gt;&lt;/tr&gt;&lt;tr&gt;&lt;th colspan='2'&gt;Framework version : &lt;/th&gt;&lt;td colspan='2'&gt;uicoreframeworkwithbdd_dev - 4.8.1.7&lt;/td&gt;&lt;/tr&gt;&lt;tr&gt;&lt;th colspan='2'&gt;Acquition Type : &lt;/th&gt;&lt;td colspan='2'&gt;Specific&lt;/td&gt;&lt;/tr&gt;</msg>
</kw>
</test>
<status critical="yes" endtime="20170824 20:28:58.890" starttime="20170824 20:28:58.852" status="FAIL"/>
</suite>
</robot>
